<?xml version="1.0" encoding="UTF-8"?>
<coverage generated="1634233632870" clover="3.2.0">
  <project timestamp="1634233632870" name="All files">
    <metrics statements="60" coveredstatements="59" conditionals="9" coveredconditionals="7" methods="6" coveredmethods="6" elements="75" coveredelements="72" complexity="0" loc="60" ncloc="60" packages="1" files="2" classes="2"/>
    <file name="indeed_scraper.js" path="/home/ian/Desktop/jsProjects/job_board_scraping/middleware/indeed_scraper.js">
      <metrics statements="31" coveredstatements="31" conditionals="4" coveredconditionals="4" methods="3" coveredmethods="3"/>
      <line num="1" count="1" type="stmt"/>
      <line num="2" count="1" type="stmt"/>
      <line num="4" count="1" type="stmt"/>
      <line num="7" count="1" type="stmt"/>
      <line num="8" count="4" type="stmt"/>
      <line num="9" count="4" type="stmt"/>
      <line num="13" count="3" type="stmt"/>
      <line num="14" count="3" type="stmt"/>
      <line num="15" count="3" type="stmt"/>
      <line num="16" count="3" type="stmt"/>
      <line num="18" count="3" type="stmt"/>
      <line num="20" count="30" type="cond" truecount="2" falsecount="0"/>
      <line num="21" count="12" type="stmt"/>
      <line num="24" count="18" type="stmt"/>
      <line num="28" count="18" type="stmt"/>
      <line num="32" count="18" type="stmt"/>
      <line num="36" count="18" type="stmt"/>
      <line num="41" count="18" type="stmt"/>
      <line num="44" count="18" type="stmt"/>
      <line num="49" count="18" type="cond" truecount="2" falsecount="0"/>
      <line num="50" count="8" type="stmt"/>
      <line num="52" count="10" type="stmt"/>
      <line num="53" count="10" type="stmt"/>
      <line num="54" count="10" type="stmt"/>
      <line num="55" count="10" type="stmt"/>
      <line num="56" count="10" type="stmt"/>
      <line num="57" count="10" type="stmt"/>
      <line num="58" count="10" type="stmt"/>
      <line num="59" count="10" type="stmt"/>
      <line num="63" count="3" type="stmt"/>
      <line num="68" count="1" type="stmt"/>
    </file>
    <file name="linkedin_scraper.js" path="/home/ian/Desktop/jsProjects/job_board_scraping/middleware/linkedin_scraper.js">
      <metrics statements="29" coveredstatements="28" conditionals="5" coveredconditionals="3" methods="3" coveredmethods="3"/>
      <line num="1" count="1" type="stmt"/>
      <line num="2" count="1" type="stmt"/>
      <line num="4" count="1" type="stmt"/>
      <line num="7" count="1" type="stmt"/>
      <line num="8" count="3" type="stmt"/>
      <line num="9" count="3" type="stmt"/>
      <line num="13" count="2" type="stmt"/>
      <line num="14" count="2" type="stmt"/>
      <line num="15" count="2" type="stmt"/>
      <line num="16" count="2" type="stmt"/>
      <line num="18" count="2" type="stmt"/>
      <line num="20" count="50" type="cond" truecount="2" falsecount="0"/>
      <line num="21" count="40" type="stmt"/>
      <line num="24" count="10" type="stmt"/>
      <line num="30" count="10" type="stmt"/>
      <line num="41" count="10" type="stmt"/>
      <line num="45" count="10" type="stmt"/>
      <line num="51" count="10" type="stmt"/>
      <line num="58" count="10" type="cond" truecount="1" falsecount="1"/>
      <line num="59" count="0" type="stmt"/>
      <line num="61" count="10" type="stmt"/>
      <line num="62" count="10" type="stmt"/>
      <line num="63" count="10" type="stmt"/>
      <line num="64" count="10" type="stmt"/>
      <line num="65" count="10" type="stmt"/>
      <line num="66" count="10" type="stmt"/>
      <line num="68" count="10" type="stmt"/>
      <line num="73" count="2" type="stmt"/>
      <line num="78" count="1" type="stmt"/>
    </file>
  </project>
</coverage>
