{"/home/ian/Desktop/jsProjects/job_board_scraping/middleware/indeed_scraper.js": {"path":"/home/ian/Desktop/jsProjects/job_board_scraping/middleware/indeed_scraper.js","statementMap":{"0":{"start":{"line":1,"column":14},"end":{"line":1,"column":30}},"1":{"start":{"line":2,"column":16},"end":{"line":2,"column":34}},"2":{"start":{"line":4,"column":13},"end":{"line":4,"column":15}},"3":{"start":{"line":7,"column":20},"end":{"line":10,"column":1}},"4":{"start":{"line":8,"column":11},"end":{"line":8,"column":68}},"5":{"start":{"line":9,"column":1},"end":{"line":9,"column":12}},"6":{"start":{"line":13,"column":18},"end":{"line":13,"column":66}},"7":{"start":{"line":14,"column":11},"end":{"line":14,"column":29}},"8":{"start":{"line":15,"column":23},"end":{"line":15,"column":53}},"9":{"start":{"line":16,"column":13},"end":{"line":16,"column":14}},"10":{"start":{"line":18,"column":1},"end":{"line":62,"column":2}},"11":{"start":{"line":20,"column":2},"end":{"line":22,"column":3}},"12":{"start":{"line":21,"column":3},"end":{"line":21,"column":15}},"13":{"start":{"line":24,"column":18},"end":{"line":26,"column":10}},"14":{"start":{"line":28,"column":16},"end":{"line":30,"column":10}},"15":{"start":{"line":32,"column":19},"end":{"line":34,"column":10}},"16":{"start":{"line":36,"column":22},"end":{"line":39,"column":33}},"17":{"start":{"line":41,"column":15},"end":{"line":42,"column":16}},"18":{"start":{"line":44,"column":15},"end":{"line":46,"column":10}},"19":{"start":{"line":49,"column":2},"end":{"line":60,"column":3}},"20":{"start":{"line":50,"column":3},"end":{"line":50,"column":34}},"21":{"start":{"line":52,"column":3},"end":{"line":52,"column":16}},"22":{"start":{"line":53,"column":3},"end":{"line":53,"column":28}},"23":{"start":{"line":54,"column":3},"end":{"line":54,"column":32}},"24":{"start":{"line":55,"column":3},"end":{"line":55,"column":34}},"25":{"start":{"line":56,"column":3},"end":{"line":56,"column":40}},"26":{"start":{"line":57,"column":3},"end":{"line":57,"column":53}},"27":{"start":{"line":58,"column":3},"end":{"line":58,"column":28}},"28":{"start":{"line":59,"column":3},"end":{"line":59,"column":12}},"29":{"start":{"line":63,"column":1},"end":{"line":63,"column":13}},"30":{"start":{"line":68,"column":0},"end":{"line":68,"column":55}}},"fnMap":{"0":{"name":"(anonymous_0)","decl":{"start":{"line":7,"column":20},"end":{"line":7,"column":21}},"loc":{"start":{"line":7,"column":44},"end":{"line":10,"column":1}},"line":7},"1":{"name":"getJobListings","decl":{"start":{"line":12,"column":15},"end":{"line":12,"column":29}},"loc":{"start":{"line":12,"column":67},"end":{"line":64,"column":1}},"line":12},"2":{"name":"(anonymous_2)","decl":{"start":{"line":18,"column":35},"end":{"line":18,"column":36}},"loc":{"start":{"line":18,"column":51},"end":{"line":61,"column":2}},"line":18}},"branchMap":{"0":{"loc":{"start":{"line":20,"column":2},"end":{"line":22,"column":3}},"type":"if","locations":[{"start":{"line":20,"column":2},"end":{"line":22,"column":3}},{"start":{"line":20,"column":2},"end":{"line":22,"column":3}}],"line":20},"1":{"loc":{"start":{"line":49,"column":2},"end":{"line":60,"column":3}},"type":"if","locations":[{"start":{"line":49,"column":2},"end":{"line":60,"column":3}},{"start":{"line":49,"column":2},"end":{"line":60,"column":3}}],"line":49}},"s":{"0":1,"1":1,"2":1,"3":1,"4":4,"5":4,"6":3,"7":3,"8":3,"9":3,"10":3,"11":30,"12":12,"13":18,"14":18,"15":18,"16":18,"17":18,"18":18,"19":18,"20":8,"21":10,"22":10,"23":10,"24":10,"25":10,"26":10,"27":10,"28":10,"29":3,"30":1},"f":{"0":4,"1":3,"2":30},"b":{"0":[12,18],"1":[8,10]},"_coverageSchema":"1a1c01bbd47fc00a2c39e90264f33305004495a9","hash":"791ed4e240d64faf456c6ca68c5ac30ee8b81bde"}
,"/home/ian/Desktop/jsProjects/job_board_scraping/middleware/linkedin_scraper.js": {"path":"/home/ian/Desktop/jsProjects/job_board_scraping/middleware/linkedin_scraper.js","statementMap":{"0":{"start":{"line":1,"column":14},"end":{"line":1,"column":30}},"1":{"start":{"line":2,"column":16},"end":{"line":2,"column":34}},"2":{"start":{"line":4,"column":13},"end":{"line":4,"column":15}},"3":{"start":{"line":7,"column":20},"end":{"line":10,"column":1}},"4":{"start":{"line":8,"column":11},"end":{"line":8,"column":91}},"5":{"start":{"line":9,"column":1},"end":{"line":9,"column":12}},"6":{"start":{"line":13,"column":18},"end":{"line":13,"column":66}},"7":{"start":{"line":14,"column":11},"end":{"line":14,"column":29}},"8":{"start":{"line":15,"column":23},"end":{"line":15,"column":54}},"9":{"start":{"line":16,"column":13},"end":{"line":16,"column":14}},"10":{"start":{"line":18,"column":1},"end":{"line":71,"column":2}},"11":{"start":{"line":20,"column":2},"end":{"line":22,"column":3}},"12":{"start":{"line":21,"column":3},"end":{"line":21,"column":15}},"13":{"start":{"line":24,"column":18},"end":{"line":28,"column":33}},"14":{"start":{"line":30,"column":16},"end":{"line":34,"column":33}},"15":{"start":{"line":41,"column":15},"end":{"line":43,"column":16}},"16":{"start":{"line":45,"column":19},"end":{"line":49,"column":33}},"17":{"start":{"line":51,"column":17},"end":{"line":55,"column":33}},"18":{"start":{"line":58,"column":2},"end":{"line":69,"column":3}},"19":{"start":{"line":59,"column":3},"end":{"line":59,"column":34}},"20":{"start":{"line":61,"column":3},"end":{"line":61,"column":16}},"21":{"start":{"line":62,"column":3},"end":{"line":62,"column":32}},"22":{"start":{"line":63,"column":3},"end":{"line":63,"column":28}},"23":{"start":{"line":64,"column":3},"end":{"line":64,"column":26}},"24":{"start":{"line":65,"column":3},"end":{"line":65,"column":34}},"25":{"start":{"line":66,"column":3},"end":{"line":66,"column":30}},"26":{"start":{"line":68,"column":3},"end":{"line":68,"column":12}},"27":{"start":{"line":73,"column":1},"end":{"line":73,"column":13}},"28":{"start":{"line":78,"column":0},"end":{"line":78,"column":55}}},"fnMap":{"0":{"name":"(anonymous_0)","decl":{"start":{"line":7,"column":20},"end":{"line":7,"column":21}},"loc":{"start":{"line":7,"column":44},"end":{"line":10,"column":1}},"line":7},"1":{"name":"getJobListings","decl":{"start":{"line":12,"column":15},"end":{"line":12,"column":29}},"loc":{"start":{"line":12,"column":80},"end":{"line":74,"column":1}},"line":12},"2":{"name":"(anonymous_2)","decl":{"start":{"line":18,"column":38},"end":{"line":18,"column":39}},"loc":{"start":{"line":18,"column":54},"end":{"line":70,"column":2}},"line":18}},"branchMap":{"0":{"loc":{"start":{"line":12,"column":58},"end":{"line":12,"column":78}},"type":"default-arg","locations":[{"start":{"line":12,"column":66},"end":{"line":12,"column":78}}],"line":12},"1":{"loc":{"start":{"line":20,"column":2},"end":{"line":22,"column":3}},"type":"if","locations":[{"start":{"line":20,"column":2},"end":{"line":22,"column":3}},{"start":{"line":20,"column":2},"end":{"line":22,"column":3}}],"line":20},"2":{"loc":{"start":{"line":58,"column":2},"end":{"line":69,"column":3}},"type":"if","locations":[{"start":{"line":58,"column":2},"end":{"line":69,"column":3}},{"start":{"line":58,"column":2},"end":{"line":69,"column":3}}],"line":58}},"s":{"0":1,"1":1,"2":1,"3":1,"4":3,"5":3,"6":2,"7":2,"8":2,"9":2,"10":2,"11":50,"12":40,"13":10,"14":10,"15":10,"16":10,"17":10,"18":10,"19":0,"20":10,"21":10,"22":10,"23":10,"24":10,"25":10,"26":10,"27":2,"28":1},"f":{"0":3,"1":2,"2":50},"b":{"0":[0],"1":[40,10],"2":[0,10]},"_coverageSchema":"1a1c01bbd47fc00a2c39e90264f33305004495a9","hash":"96a14fce1f4ec87f89004c2a393414708d1b2510"}
}
