{"/home/ian/Desktop/jsProjects/job_board_scraping/app.js": {"path":"/home/ian/Desktop/jsProjects/job_board_scraping/app.js","statementMap":{"0":{"start":{"line":2,"column":16},"end":{"line":2,"column":34}},"1":{"start":{"line":3,"column":12},"end":{"line":3,"column":21}},"2":{"start":{"line":4,"column":16},"end":{"line":4,"column":42}},"3":{"start":{"line":5,"column":14},"end":{"line":5,"column":38}},"4":{"start":{"line":6,"column":17},"end":{"line":6,"column":36}},"5":{"start":{"line":7,"column":22},"end":{"line":7,"column":56}},"6":{"start":{"line":8,"column":13},"end":{"line":8,"column":22}},"7":{"start":{"line":11,"column":0},"end":{"line":11,"column":42}},"8":{"start":{"line":14,"column":0},"end":{"line":14,"column":30}},"9":{"start":{"line":17,"column":0},"end":{"line":17,"column":48}},"10":{"start":{"line":18,"column":0},"end":{"line":18,"column":24}},"11":{"start":{"line":19,"column":0},"end":{"line":23,"column":4}},"12":{"start":{"line":27,"column":14},"end":{"line":27,"column":39}},"13":{"start":{"line":28,"column":0},"end":{"line":28,"column":25}},"14":{"start":{"line":29,"column":16},"end":{"line":29,"column":43}},"15":{"start":{"line":30,"column":0},"end":{"line":30,"column":29}},"16":{"start":{"line":31,"column":14},"end":{"line":31,"column":39}},"17":{"start":{"line":32,"column":0},"end":{"line":32,"column":20}},"18":{"start":{"line":36,"column":0},"end":{"line":39,"column":3}},"19":{"start":{"line":37,"column":1},"end":{"line":37,"column":17}},"20":{"start":{"line":38,"column":1},"end":{"line":38,"column":35}},"21":{"start":{"line":41,"column":0},"end":{"line":41,"column":21}}},"fnMap":{"0":{"name":"(anonymous_0)","decl":{"start":{"line":36,"column":8},"end":{"line":36,"column":9}},"loc":{"start":{"line":36,"column":22},"end":{"line":39,"column":1}},"line":36}},"branchMap":{},"s":{"0":1,"1":1,"2":1,"3":1,"4":1,"5":1,"6":1,"7":1,"8":1,"9":1,"10":1,"11":1,"12":1,"13":1,"14":1,"15":1,"16":1,"17":1,"18":1,"19":0,"20":0,"21":1},"f":{"0":0},"b":{},"_coverageSchema":"1a1c01bbd47fc00a2c39e90264f33305004495a9","hash":"fc722cc0b3c11f4552e670723138abe718bd42e1"}
,"/home/ian/Desktop/jsProjects/job_board_scraping/middleware/indeed_scraper.js": {"path":"/home/ian/Desktop/jsProjects/job_board_scraping/middleware/indeed_scraper.js","statementMap":{"0":{"start":{"line":1,"column":14},"end":{"line":1,"column":30}},"1":{"start":{"line":2,"column":16},"end":{"line":2,"column":34}},"2":{"start":{"line":4,"column":13},"end":{"line":4,"column":15}},"3":{"start":{"line":7,"column":20},"end":{"line":10,"column":1}},"4":{"start":{"line":8,"column":11},"end":{"line":8,"column":72}},"5":{"start":{"line":9,"column":1},"end":{"line":9,"column":12}},"6":{"start":{"line":13,"column":18},"end":{"line":13,"column":66}},"7":{"start":{"line":14,"column":11},"end":{"line":14,"column":29}},"8":{"start":{"line":15,"column":23},"end":{"line":15,"column":53}},"9":{"start":{"line":16,"column":13},"end":{"line":16,"column":14}},"10":{"start":{"line":18,"column":1},"end":{"line":60,"column":2}},"11":{"start":{"line":20,"column":2},"end":{"line":22,"column":3}},"12":{"start":{"line":21,"column":3},"end":{"line":21,"column":15}},"13":{"start":{"line":24,"column":18},"end":{"line":26,"column":10}},"14":{"start":{"line":28,"column":16},"end":{"line":30,"column":10}},"15":{"start":{"line":32,"column":19},"end":{"line":34,"column":10}},"16":{"start":{"line":36,"column":22},"end":{"line":39,"column":33}},"17":{"start":{"line":41,"column":15},"end":{"line":42,"column":16}},"18":{"start":{"line":44,"column":15},"end":{"line":46,"column":10}},"19":{"start":{"line":49,"column":2},"end":{"line":58,"column":3}},"20":{"start":{"line":50,"column":3},"end":{"line":50,"column":16}},"21":{"start":{"line":51,"column":3},"end":{"line":51,"column":28}},"22":{"start":{"line":52,"column":3},"end":{"line":52,"column":32}},"23":{"start":{"line":53,"column":3},"end":{"line":53,"column":34}},"24":{"start":{"line":54,"column":3},"end":{"line":54,"column":40}},"25":{"start":{"line":55,"column":3},"end":{"line":55,"column":53}},"26":{"start":{"line":56,"column":3},"end":{"line":56,"column":28}},"27":{"start":{"line":57,"column":3},"end":{"line":57,"column":12}},"28":{"start":{"line":61,"column":1},"end":{"line":61,"column":13}},"29":{"start":{"line":66,"column":0},"end":{"line":66,"column":49}}},"fnMap":{"0":{"name":"(anonymous_0)","decl":{"start":{"line":7,"column":20},"end":{"line":7,"column":21}},"loc":{"start":{"line":7,"column":44},"end":{"line":10,"column":1}},"line":7},"1":{"name":"getJobListings","decl":{"start":{"line":12,"column":15},"end":{"line":12,"column":29}},"loc":{"start":{"line":12,"column":67},"end":{"line":62,"column":1}},"line":12},"2":{"name":"(anonymous_2)","decl":{"start":{"line":18,"column":35},"end":{"line":18,"column":36}},"loc":{"start":{"line":18,"column":51},"end":{"line":59,"column":2}},"line":18}},"branchMap":{"0":{"loc":{"start":{"line":20,"column":2},"end":{"line":22,"column":3}},"type":"if","locations":[{"start":{"line":20,"column":2},"end":{"line":22,"column":3}},{"start":{"line":20,"column":2},"end":{"line":22,"column":3}}],"line":20},"1":{"loc":{"start":{"line":49,"column":2},"end":{"line":58,"column":3}},"type":"if","locations":[{"start":{"line":49,"column":2},"end":{"line":58,"column":3}},{"start":{"line":49,"column":2},"end":{"line":58,"column":3}}],"line":49}},"s":{"0":1,"1":1,"2":1,"3":1,"4":1,"5":1,"6":1,"7":1,"8":1,"9":1,"10":1,"11":7,"12":2,"13":5,"14":5,"15":5,"16":5,"17":5,"18":5,"19":5,"20":5,"21":5,"22":5,"23":5,"24":5,"25":5,"26":5,"27":5,"28":1,"29":1},"f":{"0":1,"1":1,"2":7},"b":{"0":[2,5],"1":[5,0]},"_coverageSchema":"1a1c01bbd47fc00a2c39e90264f33305004495a9","hash":"f13230e2d0fb5f77b23e3b58c1d8643624611a8d"}
,"/home/ian/Desktop/jsProjects/job_board_scraping/middleware/linkedin_scraper.js": {"path":"/home/ian/Desktop/jsProjects/job_board_scraping/middleware/linkedin_scraper.js","statementMap":{"0":{"start":{"line":1,"column":14},"end":{"line":1,"column":30}},"1":{"start":{"line":2,"column":16},"end":{"line":2,"column":34}},"2":{"start":{"line":4,"column":13},"end":{"line":4,"column":15}},"3":{"start":{"line":7,"column":20},"end":{"line":10,"column":1}},"4":{"start":{"line":8,"column":11},"end":{"line":8,"column":91}},"5":{"start":{"line":9,"column":1},"end":{"line":9,"column":12}},"6":{"start":{"line":14,"column":18},"end":{"line":14,"column":66}},"7":{"start":{"line":15,"column":11},"end":{"line":15,"column":29}},"8":{"start":{"line":16,"column":23},"end":{"line":16,"column":54}},"9":{"start":{"line":17,"column":13},"end":{"line":17,"column":14}},"10":{"start":{"line":19,"column":1},"end":{"line":70,"column":2}},"11":{"start":{"line":21,"column":2},"end":{"line":23,"column":3}},"12":{"start":{"line":22,"column":3},"end":{"line":22,"column":15}},"13":{"start":{"line":25,"column":18},"end":{"line":29,"column":33}},"14":{"start":{"line":31,"column":16},"end":{"line":35,"column":33}},"15":{"start":{"line":42,"column":15},"end":{"line":44,"column":16}},"16":{"start":{"line":46,"column":19},"end":{"line":50,"column":33}},"17":{"start":{"line":52,"column":17},"end":{"line":56,"column":33}},"18":{"start":{"line":59,"column":2},"end":{"line":68,"column":3}},"19":{"start":{"line":60,"column":3},"end":{"line":60,"column":16}},"20":{"start":{"line":61,"column":3},"end":{"line":61,"column":32}},"21":{"start":{"line":62,"column":3},"end":{"line":62,"column":28}},"22":{"start":{"line":63,"column":3},"end":{"line":63,"column":26}},"23":{"start":{"line":64,"column":3},"end":{"line":64,"column":34}},"24":{"start":{"line":65,"column":3},"end":{"line":65,"column":30}},"25":{"start":{"line":67,"column":3},"end":{"line":67,"column":12}},"26":{"start":{"line":71,"column":1},"end":{"line":71,"column":13}},"27":{"start":{"line":74,"column":0},"end":{"line":74,"column":49}}},"fnMap":{"0":{"name":"(anonymous_0)","decl":{"start":{"line":7,"column":20},"end":{"line":7,"column":21}},"loc":{"start":{"line":7,"column":44},"end":{"line":10,"column":1}},"line":7},"1":{"name":"getJobListings","decl":{"start":{"line":12,"column":15},"end":{"line":12,"column":29}},"loc":{"start":{"line":12,"column":67},"end":{"line":72,"column":1}},"line":12},"2":{"name":"(anonymous_2)","decl":{"start":{"line":19,"column":38},"end":{"line":19,"column":39}},"loc":{"start":{"line":19,"column":54},"end":{"line":69,"column":2}},"line":19}},"branchMap":{"0":{"loc":{"start":{"line":21,"column":2},"end":{"line":23,"column":3}},"type":"if","locations":[{"start":{"line":21,"column":2},"end":{"line":23,"column":3}},{"start":{"line":21,"column":2},"end":{"line":23,"column":3}}],"line":21},"1":{"loc":{"start":{"line":59,"column":2},"end":{"line":68,"column":3}},"type":"if","locations":[{"start":{"line":59,"column":2},"end":{"line":68,"column":3}},{"start":{"line":59,"column":2},"end":{"line":68,"column":3}}],"line":59}},"s":{"0":1,"1":1,"2":1,"3":1,"4":1,"5":1,"6":1,"7":1,"8":1,"9":1,"10":1,"11":12,"12":7,"13":5,"14":5,"15":5,"16":5,"17":5,"18":5,"19":5,"20":5,"21":5,"22":5,"23":5,"24":5,"25":5,"26":1,"27":1},"f":{"0":1,"1":1,"2":12},"b":{"0":[7,5],"1":[5,0]},"_coverageSchema":"1a1c01bbd47fc00a2c39e90264f33305004495a9","hash":"5a2811534b3ce5ead63dbd5cae6b4c2fb7bd1db5"}
,"/home/ian/Desktop/jsProjects/job_board_scraping/middleware/db/dbConfig.js": {"path":"/home/ian/Desktop/jsProjects/job_board_scraping/middleware/db/dbConfig.js","statementMap":{"0":{"start":{"line":2,"column":17},"end":{"line":2,"column":30}},"1":{"start":{"line":4,"column":13},"end":{"line":10,"column":2}},"2":{"start":{"line":12,"column":0},"end":{"line":12,"column":22}}},"fnMap":{},"branchMap":{},"s":{"0":1,"1":1,"2":1},"f":{},"b":{},"_coverageSchema":"1a1c01bbd47fc00a2c39e90264f33305004495a9","hash":"44511789675eda878eea0f7d5fc366aaa3cd20ec"}
,"/home/ian/Desktop/jsProjects/job_board_scraping/middleware/schema/validator.js": {"path":"/home/ian/Desktop/jsProjects/job_board_scraping/middleware/schema/validator.js","statementMap":{"0":{"start":{"line":1,"column":42},"end":{"line":1,"column":70}},"1":{"start":{"line":4,"column":13},"end":{"line":4,"column":38}},"2":{"start":{"line":6,"column":32},"end":{"line":40,"column":2}},"3":{"start":{"line":17,"column":18},"end":{"line":19,"column":5}},"4":{"start":{"line":21,"column":4},"end":{"line":25,"column":5}},"5":{"start":{"line":22,"column":5},"end":{"line":22,"column":48}},"6":{"start":{"line":24,"column":5},"end":{"line":24,"column":17}},"7":{"start":{"line":34,"column":4},"end":{"line":38,"column":5}},"8":{"start":{"line":35,"column":5},"end":{"line":35,"column":47}},"9":{"start":{"line":37,"column":5},"end":{"line":37,"column":17}},"10":{"start":{"line":42,"column":29},"end":{"line":42,"column":31}},"11":{"start":{"line":44,"column":31},"end":{"line":44,"column":33}},"12":{"start":{"line":46,"column":31},"end":{"line":46,"column":33}},"13":{"start":{"line":48,"column":0},"end":{"line":48,"column":41}}},"fnMap":{"0":{"name":"(anonymous_0)","decl":{"start":{"line":16,"column":11},"end":{"line":16,"column":12}},"loc":{"start":{"line":16,"column":29},"end":{"line":27,"column":4}},"line":16},"1":{"name":"(anonymous_1)","decl":{"start":{"line":33,"column":11},"end":{"line":33,"column":12}},"loc":{"start":{"line":33,"column":29},"end":{"line":39,"column":4}},"line":33}},"branchMap":{"0":{"loc":{"start":{"line":21,"column":4},"end":{"line":25,"column":5}},"type":"if","locations":[{"start":{"line":21,"column":4},"end":{"line":25,"column":5}},{"start":{"line":21,"column":4},"end":{"line":25,"column":5}}],"line":21},"1":{"loc":{"start":{"line":34,"column":4},"end":{"line":38,"column":5}},"type":"if","locations":[{"start":{"line":34,"column":4},"end":{"line":38,"column":5}},{"start":{"line":34,"column":4},"end":{"line":38,"column":5}}],"line":34}},"s":{"0":1,"1":1,"2":1,"3":0,"4":0,"5":0,"6":0,"7":0,"8":0,"9":0,"10":1,"11":1,"12":1,"13":1},"f":{"0":0,"1":0},"b":{"0":[0,0],"1":[0,0]},"_coverageSchema":"1a1c01bbd47fc00a2c39e90264f33305004495a9","hash":"0cd575ab722529acd5b65351b0a5bffa7b6932fc"}
,"/home/ian/Desktop/jsProjects/job_board_scraping/routes/index.js": {"path":"/home/ian/Desktop/jsProjects/job_board_scraping/routes/index.js","statementMap":{"0":{"start":{"line":1,"column":16},"end":{"line":1,"column":34}},"1":{"start":{"line":2,"column":13},"end":{"line":2,"column":29}},"2":{"start":{"line":5,"column":15},"end":{"line":5,"column":54}},"3":{"start":{"line":6,"column":17},"end":{"line":6,"column":58}},"4":{"start":{"line":10,"column":0},"end":{"line":54,"column":3}},"5":{"start":{"line":12,"column":2},"end":{"line":12,"column":85}},"6":{"start":{"line":15,"column":2},"end":{"line":53,"column":3}},"7":{"start":{"line":19,"column":4},"end":{"line":34,"column":5}},"8":{"start":{"line":20,"column":42},"end":{"line":20,"column":173}},"9":{"start":{"line":21,"column":5},"end":{"line":21,"column":102}},"10":{"start":{"line":24,"column":5},"end":{"line":26,"column":6}},"11":{"start":{"line":25,"column":6},"end":{"line":25,"column":35}},"12":{"start":{"line":28,"column":5},"end":{"line":30,"column":6}},"13":{"start":{"line":29,"column":6},"end":{"line":29,"column":37}},"14":{"start":{"line":33,"column":5},"end":{"line":33,"column":23}},"15":{"start":{"line":38,"column":41},"end":{"line":38,"column":49}},"16":{"start":{"line":41,"column":17},"end":{"line":41,"column":19}},"17":{"start":{"line":42,"column":3},"end":{"line":47,"column":4}},"18":{"start":{"line":43,"column":4},"end":{"line":43,"column":54}},"19":{"start":{"line":43,"column":34},"end":{"line":43,"column":52}},"20":{"start":{"line":45,"column":4},"end":{"line":45,"column":28}},"21":{"start":{"line":46,"column":4},"end":{"line":46,"column":40}},"22":{"start":{"line":49,"column":3},"end":{"line":49,"column":40}},"23":{"start":{"line":52,"column":3},"end":{"line":52,"column":17}},"24":{"start":{"line":56,"column":0},"end":{"line":56,"column":24}}},"fnMap":{"0":{"name":"(anonymous_0)","decl":{"start":{"line":11,"column":6},"end":{"line":11,"column":7}},"loc":{"start":{"line":11,"column":20},"end":{"line":13,"column":2}},"line":11},"1":{"name":"(anonymous_1)","decl":{"start":{"line":14,"column":7},"end":{"line":14,"column":8}},"loc":{"start":{"line":14,"column":27},"end":{"line":54,"column":1}},"line":14},"2":{"name":"getData","decl":{"start":{"line":17,"column":18},"end":{"line":17,"column":25}},"loc":{"start":{"line":17,"column":54},"end":{"line":35,"column":4}},"line":17},"3":{"name":"(anonymous_3)","decl":{"start":{"line":43,"column":26},"end":{"line":43,"column":27}},"loc":{"start":{"line":43,"column":34},"end":{"line":43,"column":52}},"line":43}},"branchMap":{"0":{"loc":{"start":{"line":19,"column":4},"end":{"line":34,"column":5}},"type":"if","locations":[{"start":{"line":19,"column":4},"end":{"line":34,"column":5}},{"start":{"line":19,"column":4},"end":{"line":34,"column":5}}],"line":19},"1":{"loc":{"start":{"line":42,"column":3},"end":{"line":47,"column":4}},"type":"if","locations":[{"start":{"line":42,"column":3},"end":{"line":47,"column":4}},{"start":{"line":42,"column":3},"end":{"line":47,"column":4}}],"line":42}},"s":{"0":1,"1":1,"2":1,"3":1,"4":1,"5":1,"6":2,"7":1,"8":1,"9":1,"10":1,"11":5,"12":1,"13":5,"14":0,"15":2,"16":2,"17":2,"18":0,"19":0,"20":2,"21":2,"22":1,"23":1,"24":1},"f":{"0":1,"1":2,"2":1,"3":0},"b":{"0":[1,0],"1":[0,2]},"_coverageSchema":"1a1c01bbd47fc00a2c39e90264f33305004495a9","hash":"0780f5905499d44591e14b3eba2c40f64cffcb0d"}
,"/home/ian/Desktop/jsProjects/job_board_scraping/routes/results.js": {"path":"/home/ian/Desktop/jsProjects/job_board_scraping/routes/results.js","statementMap":{"0":{"start":{"line":1,"column":16},"end":{"line":1,"column":34}},"1":{"start":{"line":2,"column":13},"end":{"line":2,"column":29}},"2":{"start":{"line":4,"column":0},"end":{"line":7,"column":3}},"3":{"start":{"line":6,"column":2},"end":{"line":6,"column":56}},"4":{"start":{"line":9,"column":0},"end":{"line":9,"column":24}}},"fnMap":{"0":{"name":"(anonymous_0)","decl":{"start":{"line":5,"column":1},"end":{"line":5,"column":2}},"loc":{"start":{"line":5,"column":15},"end":{"line":7,"column":1}},"line":5}},"branchMap":{},"s":{"0":1,"1":1,"2":1,"3":0,"4":1},"f":{"0":0},"b":{},"_coverageSchema":"1a1c01bbd47fc00a2c39e90264f33305004495a9","hash":"21922d3bfc3b4bcdb1a77cb6d21182907a9ed42a"}
,"/home/ian/Desktop/jsProjects/job_board_scraping/routes/users.js": {"path":"/home/ian/Desktop/jsProjects/job_board_scraping/routes/users.js","statementMap":{"0":{"start":{"line":1,"column":16},"end":{"line":1,"column":34}},"1":{"start":{"line":2,"column":13},"end":{"line":2,"column":29}},"2":{"start":{"line":3,"column":35},"end":{"line":3,"column":63}},"3":{"start":{"line":4,"column":13},"end":{"line":4,"column":49}},"4":{"start":{"line":5,"column":15},"end":{"line":5,"column":32}},"5":{"start":{"line":8,"column":21},"end":{"line":8,"column":62}},"6":{"start":{"line":11,"column":0},"end":{"line":17,"column":4}},"7":{"start":{"line":13,"column":2},"end":{"line":13,"column":41}},"8":{"start":{"line":16,"column":2},"end":{"line":16,"column":20}},"9":{"start":{"line":20,"column":0},"end":{"line":22,"column":3}},"10":{"start":{"line":25,"column":0},"end":{"line":51,"column":4}},"11":{"start":{"line":27,"column":2},"end":{"line":27,"column":67}},"12":{"start":{"line":31,"column":2},"end":{"line":50,"column":3}},"13":{"start":{"line":33,"column":18},"end":{"line":33,"column":39}},"14":{"start":{"line":34,"column":3},"end":{"line":47,"column":4}},"15":{"start":{"line":35,"column":4},"end":{"line":35,"column":80}},"16":{"start":{"line":37,"column":36},"end":{"line":37,"column":44}},"17":{"start":{"line":40,"column":28},"end":{"line":40,"column":59}},"18":{"start":{"line":41,"column":4},"end":{"line":41,"column":33}},"19":{"start":{"line":43,"column":4},"end":{"line":45,"column":6}},"20":{"start":{"line":46,"column":4},"end":{"line":46,"column":33}},"21":{"start":{"line":49,"column":3},"end":{"line":49,"column":28}},"22":{"start":{"line":53,"column":0},"end":{"line":53,"column":24}}},"fnMap":{"0":{"name":"(anonymous_0)","decl":{"start":{"line":12,"column":6},"end":{"line":12,"column":7}},"loc":{"start":{"line":12,"column":20},"end":{"line":14,"column":2}},"line":12},"1":{"name":"(anonymous_1)","decl":{"start":{"line":15,"column":7},"end":{"line":15,"column":8}},"loc":{"start":{"line":15,"column":21},"end":{"line":17,"column":2}},"line":15},"2":{"name":"(anonymous_2)","decl":{"start":{"line":21,"column":1},"end":{"line":21,"column":2}},"loc":{"start":{"line":21,"column":15},"end":{"line":22,"column":1}},"line":21},"3":{"name":"(anonymous_3)","decl":{"start":{"line":26,"column":6},"end":{"line":26,"column":7}},"loc":{"start":{"line":26,"column":20},"end":{"line":28,"column":2}},"line":26},"4":{"name":"(anonymous_4)","decl":{"start":{"line":30,"column":2},"end":{"line":30,"column":3}},"loc":{"start":{"line":30,"column":22},"end":{"line":51,"column":2}},"line":30}},"branchMap":{"0":{"loc":{"start":{"line":34,"column":3},"end":{"line":47,"column":4}},"type":"if","locations":[{"start":{"line":34,"column":3},"end":{"line":47,"column":4}},{"start":{"line":34,"column":3},"end":{"line":47,"column":4}}],"line":34}},"s":{"0":1,"1":1,"2":1,"3":1,"4":1,"5":1,"6":1,"7":0,"8":0,"9":1,"10":1,"11":0,"12":0,"13":0,"14":0,"15":0,"16":0,"17":0,"18":0,"19":0,"20":0,"21":0,"22":1},"f":{"0":0,"1":0,"2":0,"3":0,"4":0},"b":{"0":[0,0]},"_coverageSchema":"1a1c01bbd47fc00a2c39e90264f33305004495a9","hash":"470c6077870b329002ee8092322705e053aa227b"}
}
