TN:
SF:middleware/indeed_scraper.js
FN:7,(anonymous_0)
FN:12,getJobListings
FN:18,(anonymous_2)
FNF:3
FNH:3
FNDA:4,(anonymous_0)
FNDA:3,getJobListings
FNDA:45,(anonymous_2)
DA:1,1
DA:2,1
DA:4,1
DA:7,1
DA:8,4
DA:9,4
DA:13,3
DA:14,3
DA:15,3
DA:16,3
DA:18,3
DA:20,45
DA:21,18
DA:24,27
DA:28,27
DA:32,27
DA:36,27
DA:41,27
DA:44,27
DA:49,27
DA:50,12
DA:52,15
DA:53,15
DA:54,15
DA:55,15
DA:56,15
DA:57,15
DA:58,15
DA:59,15
DA:63,3
DA:68,1
LF:31
LH:31
BRDA:20,0,0,18
BRDA:20,0,1,27
BRDA:49,1,0,12
BRDA:49,1,1,15
BRF:4
BRH:4
end_of_record
TN:
SF:middleware/linkedin_scraper.js
FN:7,(anonymous_0)
FN:12,getJobListings
FN:18,(anonymous_2)
FNF:3
FNH:3
FNDA:3,(anonymous_0)
FNDA:2,getJobListings
FNDA:50,(anonymous_2)
DA:1,1
DA:2,1
DA:4,1
DA:7,1
DA:8,3
DA:9,3
DA:13,2
DA:14,2
DA:15,2
DA:16,2
DA:18,2
DA:20,50
DA:21,40
DA:24,10
DA:30,10
DA:41,10
DA:45,10
DA:51,10
DA:58,10
DA:59,0
DA:61,10
DA:62,10
DA:63,10
DA:64,10
DA:65,10
DA:66,10
DA:68,10
DA:73,2
DA:78,1
LF:29
LH:28
BRDA:12,0,0,0
BRDA:20,1,0,40
BRDA:20,1,1,10
BRDA:58,2,0,0
BRDA:58,2,1,10
BRF:5
BRH:3
end_of_record
