TN:
SF:middleware/indeed_scraper.js
FN:7,(anonymous_0)
FN:14,getJobListings
FN:20,(anonymous_2)
FNF:3
FNH:3
FNDA:4,(anonymous_0)
FNDA:3,getJobListings
FNDA:45,(anonymous_2)
DA:1,1
DA:2,1
DA:4,1
DA:7,1
DA:8,4
DA:9,4
DA:15,3
DA:16,3
DA:17,3
DA:18,3
DA:20,3
DA:22,45
DA:23,18
DA:26,27
DA:30,27
DA:34,27
DA:38,27
DA:43,27
DA:46,27
DA:50,27
DA:51,27
DA:52,27
DA:53,12
DA:55,15
DA:56,15
DA:57,15
DA:58,15
DA:59,15
DA:60,15
DA:61,15
DA:62,15
DA:68,3
DA:69,3
DA:74,1
LF:34
LH:34
BRDA:22,0,0,18
BRDA:22,0,1,27
BRDA:50,1,0,27
BRDA:50,1,1,0
BRDA:52,2,0,12
BRDA:52,2,1,15
BRF:6
BRH:5
end_of_record
TN:
SF:middleware/linkedin_scraper.js
FN:7,(anonymous_0)
FN:12,getJobListings
FN:18,(anonymous_2)
FNF:3
FNH:3
FNDA:3,(anonymous_0)
FNDA:2,getJobListings
FNDA:50,(anonymous_2)
DA:1,1
DA:2,1
DA:4,1
DA:7,1
DA:8,3
DA:9,3
DA:13,2
DA:14,2
DA:15,2
DA:16,2
DA:18,2
DA:20,50
DA:21,40
DA:24,10
DA:30,10
DA:41,10
DA:45,10
DA:56,10
DA:63,10
DA:64,10
DA:65,10
DA:66,0
DA:68,10
DA:69,10
DA:70,10
DA:71,10
DA:72,10
DA:73,10
DA:76,10
DA:82,2
DA:87,1
LF:31
LH:30
BRDA:20,0,0,40
BRDA:20,0,1,10
BRDA:63,1,0,10
BRDA:63,1,1,0
BRDA:65,2,0,0
BRDA:65,2,1,10
BRF:6
BRH:4
end_of_record
